<?xml version="1.0" encoding="UTF-8"?>
<!-- Generated by org.testng.reporters.JUnitXMLReporter -->
<testsuite hostname="RAMESH-PC" name="Test" tests="1" failures="1" timestamp="8 Sep 2018 14:28:03 GMT" time="0.079" errors="0">
  <testcase name="verifypage" time="0.031" classname="Testng.ParallelbrowserTesting">
    <failure type="java.lang.NullPointerException">
      <![CDATA[java.lang.NullPointerException
	at Testng.ParallelbrowserTesting.verifypage(ParallelbrowserTesting.java:24)
... Removed 24 stack frames]]>
    </failure>
  </testcase> <!-- verifypage -->
</testsuite> <!-- Test -->
